<?xml version="1.0" encoding="UTF-8"?>
<testng-results ignored="0" total="1" passed="1" failed="0" skipped="0">
  <reporter-output>
  </reporter-output>
  <suite started-at="2020-01-31T16:59:30Z" name="Default suite" finished-at="2020-01-31T16:59:30Z" duration-ms="53">
    <groups>
    </groups>
    <test started-at="2020-01-31T16:59:30Z" name="Default test" finished-at="2020-01-31T16:59:30Z" duration-ms="53">
      <class name="Test1">
        <test-method signature="show()[pri:0, instance:Test1@233795b6]" started-at="2020-01-31T16:59:30Z" name="show" finished-at="2020-01-31T16:59:30Z" duration-ms="15" status="PASS">
          <reporter-output>
          </reporter-output>
        </test-method> <!-- show -->
      </class> <!-- Test1 -->
    </test> <!-- Default test -->
  </suite> <!-- Default suite -->
</testng-results>
